<?xml version="1.0" encoding="UTF-8"?>
<!-- Generated by org.testng.reporters.JUnitReportReporter -->
<testsuite skipped="0" hostname="LAPTOP-T8L3DK2F" name="Academy.EndtoEndProject.validateTitle" tests="1" failures="0" timestamp="12 Apr 2018 22:05:27 GMT" time="0.042" errors="0">
  <testcase name="basePageNavigation" time="0.042" classname="Academy.EndtoEndProject.validateTitle"/>
</testsuite> <!-- Academy.EndtoEndProject.validateTitle -->
